# JRE version: Java(TM) SE Runtime Environment (8.0_66-b18) (build 1.8.0_66-b18)
# Java VM: Java HotSpot(TM) 64-Bit Server VM (25.66-b18 mixed mode windows-amd64 compressed oops)
Heap:
 PSYoungGen      total 155136K, used 137254K [0x00000000eab00000, 0x00000000f6980000, 0x0000000100000000)
  eden space 128512K, 86% used [0x00000000eab00000,0x00000000f170c028,0x00000000f2880000)
  from space 26624K, 99% used [0x00000000f2880000,0x00000000f427dbd0,0x00000000f4280000)
  to   space 31744K, 0% used [0x00000000f4a80000,0x00000000f4a80000,0x00000000f6980000)
 ParOldGen       total 135680K, used 41702K [0x00000000c0000000, 0x00000000c8480000, 0x00000000eab00000)
  object space 135680K, 30% used [0x00000000c0000000,0x00000000c28b9860,0x00000000c8480000)
 Metaspace       used 65024K, capacity 70244K, committed 70400K, reserved 1110016K
  class space    used 8249K, capacity 8918K, committed 8960K, reserved 1048576K
GC Heap History (10 events):
Event: 20795.487 GC heap before
{Heap before GC invocations=154 (full 29):
 PSYoungGen      total 148480K, used 133391K [0x00000000eab00000, 0x00000000f5500000, 0x0000000100000000)
  eden space 124928K, 100% used [0x00000000eab00000,0x00000000f2500000,0x00000000f2500000)
  from space 23552K, 35% used [0x00000000f3e00000,0x00000000f4643dd0,0x00000000f5500000)
  to   space 24576K, 0% used [0x00000000f2500000,0x00000000f2500000,0x00000000f3d00000)
 ParOldGen       total 135680K, used 38835K [0x00000000c0000000, 0x00000000c8480000, 0x00000000eab00000)
  object space 135680K, 28% used [0x00000000c0000000,0x00000000c25ecdf8,0x00000000c8480000)
 Metaspace       used 64852K, capacity 70012K, committed 70144K, reserved 1110016K
  class space    used 8226K, capacity 8864K, committed 8960K, reserved 1048576K
Event: 20795.499 GC heap after
Heap after GC invocations=154 (full 29):
 PSYoungGen      total 149504K, used 18416K [0x00000000eab00000, 0x00000000f5b00000, 0x0000000100000000)
  eden space 124928K, 0% used [0x00000000eab00000,0x00000000eab00000,0x00000000f2500000)
  from space 24576K, 74% used [0x00000000f2500000,0x00000000f36fc0e0,0x00000000f3d00000)
  to   space 26112K, 0% used [0x00000000f4180000,0x00000000f4180000,0x00000000f5b00000)
 ParOldGen       total 135680K, used 38835K [0x00000000c0000000, 0x00000000c8480000, 0x00000000eab00000)
  object space 135680K, 28% used [0x00000000c0000000,0x00000000c25ecdf8,0x00000000c8480000)
 Metaspace       used 64852K, capacity 70012K, committed 70144K, reserved 1110016K
  class space    used 8226K, capacity 8864K, committed 8960K, reserved 1048576K
}
Event: 20811.922 GC heap before
{Heap before GC invocations=155 (full 29):
 PSYoungGen      total 149504K, used 143344K [0x00000000eab00000, 0x00000000f5b00000, 0x0000000100000000)
  eden space 124928K, 100% used [0x00000000eab00000,0x00000000f2500000,0x00000000f2500000)
  from space 24576K, 74% used [0x00000000f2500000,0x00000000f36fc0e0,0x00000000f3d00000)
  to   space 26112K, 0% used [0x00000000f4180000,0x00000000f4180000,0x00000000f5b00000)
 ParOldGen       total 135680K, used 38835K [0x00000000c0000000, 0x00000000c8480000, 0x00000000eab00000)
  object space 135680K, 28% used [0x00000000c0000000,0x00000000c25ecdf8,0x00000000c8480000)
 Metaspace       used 64902K, capacity 70124K, committed 70400K, reserved 1110016K
  class space    used 8237K, capacity 8876K, committed 8960K, reserved 1048576K
Event: 20811.936 GC heap after
Heap after GC invocations=155 (full 29):
 PSYoungGen      total 152576K, used 18796K [0x00000000eab00000, 0x00000000f5d80000, 0x0000000100000000)
  eden space 126464K, 0% used [0x00000000eab00000,0x00000000eab00000,0x00000000f2680000)
  from space 26112K, 71% used [0x00000000f4180000,0x00000000f53db028,0x00000000f5b00000)
  to   space 27648K, 0% used [0x00000000f2680000,0x00000000f2680000,0x00000000f4180000)
 ParOldGen       total 135680K, used 38835K [0x00000000c0000000, 0x00000000c8480000, 0x00000000eab00000)
  object space 135680K, 28% used [0x00000000c0000000,0x00000000c25ecdf8,0x00000000c8480000)
 Metaspace       used 64902K, capacity 70124K, committed 70400K, reserved 1110016K
  class space    used 8237K, capacity 8876K, committed 8960K, reserved 1048576K
}
Event: 20836.634 GC heap before
{Heap before GC invocations=156 (full 29):
 PSYoungGen      total 152576K, used 145260K [0x00000000eab00000, 0x00000000f5d80000, 0x0000000100000000)
  eden space 126464K, 100% used [0x00000000eab00000,0x00000000f2680000,0x00000000f2680000)
  from space 26112K, 71% used [0x00000000f4180000,0x00000000f53db028,0x00000000f5b00000)
  to   space 27648K, 0% used [0x00000000f2680000,0x00000000f2680000,0x00000000f4180000)
 ParOldGen       total 135680K, used 38835K [0x00000000c0000000, 0x00000000c8480000, 0x00000000eab00000)
  object space 135680K, 28% used [0x00000000c0000000,0x00000000c25ecdf8,0x00000000c8480000)
 Metaspace       used 64909K, capacity 70130K, committed 70400K, reserved 1110016K
  class space    used 8237K, capacity 8877K, committed 8960K, reserved 1048576K
Event: 20836.641 GC heap after
Heap after GC invocations=156 (full 29):
 PSYoungGen      total 154112K, used 9323K [0x00000000eab00000, 0x00000000f5c80000, 0x0000000100000000)
  eden space 126464K, 0% used [0x00000000eab00000,0x00000000eab00000,0x00000000f2680000)
  from space 27648K, 33% used [0x00000000f2680000,0x00000000f2f9ad80,0x00000000f4180000)
  to   space 26624K, 0% used [0x00000000f4280000,0x00000000f4280000,0x00000000f5c80000)
 ParOldGen       total 135680K, used 38835K [0x00000000c0000000, 0x00000000c8480000, 0x00000000eab00000)
  object space 135680K, 28% used [0x00000000c0000000,0x00000000c25ecdf8,0x00000000c8480000)
 Metaspace       used 64909K, capacity 70130K, committed 70400K, reserved 1110016K
  class space    used 8237K, capacity 8877K, committed 8960K, reserved 1048576K
}
Event: 20846.652 GC heap before
{Heap before GC invocations=157 (full 29):
 PSYoungGen      total 154112K, used 135787K [0x00000000eab00000, 0x00000000f5c80000, 0x0000000100000000)
  eden space 126464K, 100% used [0x00000000eab00000,0x00000000f2680000,0x00000000f2680000)
  from space 27648K, 33% used [0x00000000f2680000,0x00000000f2f9ad80,0x00000000f4180000)
  to   space 26624K, 0% used [0x00000000f4280000,0x00000000f4280000,0x00000000f5c80000)
 ParOldGen       total 135680K, used 38835K [0x00000000c0000000, 0x00000000c8480000, 0x00000000eab00000)
  object space 135680K, 28% used [0x00000000c0000000,0x00000000c25ecdf8,0x00000000c8480000)
 Metaspace       used 64935K, capacity 70130K, committed 70400K, reserved 1110016K
  class space    used 8237K, capacity 8877K, committed 8960K, reserved 1048576K
Event: 20846.669 GC heap after
Heap after GC invocations=157 (full 29):
 PSYoungGen      total 155136K, used 15580K [0x00000000eab00000, 0x00000000f5c80000, 0x0000000100000000)
  eden space 128512K, 0% used [0x00000000eab00000,0x00000000eab00000,0x00000000f2880000)
  from space 26624K, 58% used [0x00000000f4280000,0x00000000f51b7030,0x00000000f5c80000)
  to   space 26624K, 0% used [0x00000000f2880000,0x00000000f2880000,0x00000000f4280000)
 ParOldGen       total 135680K, used 38843K [0x00000000c0000000, 0x00000000c8480000, 0x00000000eab00000)
  object space 135680K, 28% used [0x00000000c0000000,0x00000000c25eedf8,0x00000000c8480000)
 Metaspace       used 64935K, capacity 70130K, committed 70400K, reserved 1110016K
  class space    used 8237K, capacity 8877K, committed 8960K, reserved 1048576K
}
Event: 20850.667 GC heap before
{Heap before GC invocations=158 (full 29):
 PSYoungGen      total 155136K, used 144092K [0x00000000eab00000, 0x00000000f5c80000, 0x0000000100000000)
  eden space 128512K, 100% used [0x00000000eab00000,0x00000000f2880000,0x00000000f2880000)
  from space 26624K, 58% used [0x00000000f4280000,0x00000000f51b7030,0x00000000f5c80000)
  to   space 26624K, 0% used [0x00000000f2880000,0x00000000f2880000,0x00000000f4280000)
 ParOldGen       total 135680K, used 38843K [0x00000000c0000000, 0x00000000c8480000, 0x00000000eab00000)
  object space 135680K, 28% used [0x00000000c0000000,0x00000000c25eedf8,0x00000000c8480000)
 Metaspace       used 65017K, capacity 70244K, committed 70400K, reserved 1110016K
  class space    used 8249K, capacity 8918K, committed 8960K, reserved 1048576K
Event: 20850.705 GC heap after
Heap after GC invocations=158 (full 29):
 PSYoungGen      total 155136K, used 26614K [0x00000000eab00000, 0x00000000f6980000, 0x0000000100000000)
  eden space 128512K, 0% used [0x00000000eab00000,0x00000000eab00000,0x00000000f2880000)
  from space 26624K, 99% used [0x00000000f2880000,0x00000000f427dbd0,0x00000000f4280000)
  to   space 31744K, 0% used [0x00000000f4a80000,0x00000000f4a80000,0x00000000f6980000)
 ParOldGen       total 135680K, used 41702K [0x00000000c0000000, 0x00000000c8480000, 0x00000000eab00000)
  object space 135680K, 30% used [0x00000000c0000000,0x00000000c28b9860,0x00000000c8480000)
 Metaspace       used 65017K, capacity 70244K, committed 70400K, reserved 1110016K
  class space    used 8249K, capacity 8918K, committed 8960K, reserved 1048576K
}

